Fri, 21 May 2021 01:22:39 GMT GET /api/v1/phong/danh-sach-phong 304 54.373 ms
Fri, 21 May 2021 01:31:12 GMT GET /api/v1/tai-khoan/danh-sach-nguoi-dung 304 42.182 ms
Fri, 21 May 2021 01:33:46 GMT GET /api/v1/phong/danh-sach-phong 304 50.917 ms
Fri, 21 May 2021 01:36:08 GMT GET /api/v1/tai-khoan/danh-sach-nguoi-dung 304 51.782 ms
Fri, 21 May 2021 01:36:11 GMT GET /api/v1/phong/danh-sach-phong 304 3.358 ms
Fri, 21 May 2021 01:38:06 GMT GET /api/v1/tai-khoan/danh-sach-nguoi-dung 304 46.932 ms
Fri, 21 May 2021 01:38:10 GMT GET /api/v1/phong/danh-sach-phong 304 3.518 ms
Fri, 21 May 2021 01:53:44 GMT GET /api/v1/khach-hang/danh-sach 304 68.963 ms
Fri, 21 May 2021 02:04:27 GMT GET /api/v1/khach-hang/danh-sach 304 56.944 ms
Fri, 21 May 2021 02:04:41 GMT GET /api/v1/khach-hang/danh-sach 304 73.487 ms
Fri, 21 May 2021 02:04:45 GMT GET /api/v1/khach-hang/danh-sach 304 3.081 ms
Fri, 21 May 2021 02:05:01 GMT GET /api/v1/khach-hang/danh-sach 304 45.112 ms
Fri, 21 May 2021 02:05:06 GMT GET /api/v1/khach-hang/danh-sach 304 2.114 ms
Fri, 21 May 2021 02:10:32 GMT GET /api/v1/khach-hang/danh-sach/3 304 61.997 ms
Fri, 21 May 2021 02:12:28 GMT GET /api/v1/khach-hang/danh-sach/3 304 48.776 ms
Fri, 21 May 2021 02:12:39 GMT GET /api/v1/khach-hang/danh-sach/3 304 78.265 ms
Fri, 21 May 2021 02:15:13 GMT GET /api/v1/khach-hang/danh-sach/3 304 65.247 ms
Fri, 21 May 2021 02:15:24 GMT GET /api/v1/khach-hang/danh-sach/3 304 73.465 ms
Fri, 21 May 2021 02:15:35 GMT GET /api/v1/khach-hang/danh-sach 304 42.919 ms
Fri, 21 May 2021 02:15:37 GMT GET /api/v1/khach-hang/danh-sach/7 200 2.314 ms
Fri, 21 May 2021 02:15:46 GMT GET /api/v1/khach-hang/danh-sach 304 1.888 ms
Fri, 21 May 2021 02:17:22 GMT GET /api/v1/khach-hang/danh-sach 304 71.865 ms
Fri, 21 May 2021 02:17:22 GMT GET /api/v1/hoa-don/danh-sach 304 106.894 ms
Fri, 21 May 2021 02:17:22 GMT GET /api/v1/nhan-vien/danh-sach-nhan-vien 304 189.734 ms
Fri, 21 May 2021 02:17:25 GMT GET /api/v1/hoa-don/danh-sach/23 200 6.650 ms
Fri, 21 May 2021 02:17:25 GMT GET /api/v1/hoa-don/danh-sach-theo-hoa-don/23 304 7.628 ms
Fri, 21 May 2021 02:17:32 GMT GET /api/v1/khach-hang/danh-sach 304 5.812 ms
Fri, 21 May 2021 02:17:32 GMT GET /api/v1/nhan-vien/danh-sach-nhan-vien 304 4.145 ms
Fri, 21 May 2021 02:17:32 GMT GET /api/v1/hoa-don/danh-sach 304 7.245 ms
Fri, 21 May 2021 02:17:34 GMT GET /api/v1/hoa-don/danh-sach/23 304 3.891 ms
Fri, 21 May 2021 02:17:34 GMT GET /api/v1/hoa-don/danh-sach-theo-hoa-don/23 304 6.640 ms
Fri, 21 May 2021 02:17:37 GMT GET /api/v1/phong/danh-sach-phong 304 3.554 ms
Fri, 21 May 2021 02:17:39 GMT GET /api/v1/dat-phong/danh-sach-full 304 4.144 ms
Fri, 21 May 2021 02:17:43 GMT GET /api/v1/dat-phong/danh-sach-full/23 304 2.706 ms
Fri, 21 May 2021 02:17:50 GMT GET /api/v1/dat-phong/danh-sach-full 304 2.631 ms
Fri, 21 May 2021 02:18:45 GMT GET /api/v1/dat-phong/danh-sach-full/23 304 48.225 ms
Fri, 21 May 2021 02:18:49 GMT GET /api/v1/khach-hang/danh-sach 304 5.526 ms
Fri, 21 May 2021 02:18:49 GMT GET /api/v1/nhan-vien/danh-sach-nhan-vien 304 63.831 ms
Fri, 21 May 2021 02:18:49 GMT GET /api/v1/hoa-don/danh-sach 304 74.702 ms
Fri, 21 May 2021 02:18:53 GMT GET /api/v1/hoa-don/danh-sach/23 304 2.736 ms
Fri, 21 May 2021 02:18:53 GMT GET /api/v1/hoa-don/danh-sach-theo-hoa-don/23 304 4.975 ms
Fri, 21 May 2021 02:19:05 GMT GET /api/v1/hoa-don/danh-sach 304 123.788 ms
Fri, 21 May 2021 02:19:05 GMT GET /api/v1/nhan-vien/danh-sach-nhan-vien 304 145.605 ms
Fri, 21 May 2021 02:19:05 GMT GET /api/v1/khach-hang/danh-sach 304 170.861 ms
Fri, 21 May 2021 02:19:09 GMT GET /api/v1/phong/danh-sach-phong 304 3.354 ms
Fri, 21 May 2021 02:26:26 GMT GET /api/v1/phong/danh-sach-phong 304 60.367 ms
Fri, 21 May 2021 02:26:43 GMT GET /api/v1/phong/danh-sach-phong 304 71.800 ms
Fri, 21 May 2021 02:41:11 GMT GET /api/v1/khach-hang/danh-sach 304 75.633 ms
Fri, 21 May 2021 02:42:04 GMT GET /api/v1/khach-hang/danh-sach 304 45.198 ms
Fri, 21 May 2021 02:42:11 GMT GET /api/v1/khach-hang/trong-hoa-don/3 200 7.276 ms
Fri, 21 May 2021 02:42:11 GMT GET /api/v1/khach-hang/trong-dat-phong/3 200 4.832 ms
Fri, 21 May 2021 02:43:07 GMT GET /api/v1/khach-hang/danh-sach 304 49.444 ms
Fri, 21 May 2021 02:43:08 GMT GET /api/v1/khach-hang/trong-hoa-don/3 304 6.814 ms
Fri, 21 May 2021 02:43:08 GMT GET /api/v1/khach-hang/trong-dat-phong/3 304 4.987 ms
Fri, 21 May 2021 02:43:12 GMT GET /api/v1/khach-hang/trong-hoa-don/6 200 1.660 ms
Fri, 21 May 2021 02:43:12 GMT GET /api/v1/khach-hang/trong-dat-phong/6 200 2.097 ms
Fri, 21 May 2021 02:43:26 GMT GET /api/v1/khach-hang/trong-hoa-don/6 304 55.933 ms
Fri, 21 May 2021 02:43:26 GMT GET /api/v1/khach-hang/trong-dat-phong/6 304 7.193 ms
Fri, 21 May 2021 02:43:28 GMT GET /api/v1/khach-hang/trong-hoa-don/3 304 1.796 ms
Fri, 21 May 2021 02:43:28 GMT GET /api/v1/khach-hang/trong-dat-phong/3 304 1.636 ms
Fri, 21 May 2021 02:43:31 GMT GET /api/v1/khach-hang/trong-hoa-don/7 200 1.557 ms
Fri, 21 May 2021 02:43:31 GMT GET /api/v1/khach-hang/trong-dat-phong/7 200 1.529 ms
Fri, 21 May 2021 02:43:35 GMT GET /api/v1/khach-hang/trong-hoa-don/8 200 1.533 ms
Fri, 21 May 2021 02:43:35 GMT GET /api/v1/khach-hang/trong-dat-phong/8 200 2.352 ms
Fri, 21 May 2021 02:45:02 GMT GET /api/v1/khach-hang/trong-hoa-don/3 304 50.849 ms
Fri, 21 May 2021 02:45:02 GMT GET /api/v1/khach-hang/trong-dat-phong/3 304 5.686 ms
Fri, 21 May 2021 02:45:36 GMT GET /api/v1/khach-hang/trong-hoa-don/7 304 51.428 ms
Fri, 21 May 2021 02:45:36 GMT GET /api/v1/khach-hang/trong-dat-phong/7 304 6.054 ms
Fri, 21 May 2021 02:45:39 GMT GET /api/v1/khach-hang/trong-hoa-don/3 304 2.170 ms
Fri, 21 May 2021 02:45:39 GMT GET /api/v1/khach-hang/trong-dat-phong/3 304 1.393 ms
Fri, 21 May 2021 02:45:41 GMT GET /api/v1/khach-hang/trong-hoa-don/6 304 1.602 ms
Fri, 21 May 2021 02:45:41 GMT GET /api/v1/khach-hang/trong-dat-phong/6 304 2.694 ms
Fri, 21 May 2021 02:45:44 GMT GET /api/v1/khach-hang/trong-hoa-don/11 200 1.589 ms
Fri, 21 May 2021 02:45:44 GMT GET /api/v1/khach-hang/trong-dat-phong/11 200 1.489 ms
Fri, 21 May 2021 02:45:57 GMT GET /api/v1/khach-hang/trong-hoa-don/12 200 50.703 ms
Fri, 21 May 2021 02:45:57 GMT GET /api/v1/khach-hang/trong-dat-phong/12 200 5.214 ms
Fri, 21 May 2021 02:46:13 GMT GET /api/v1/khach-hang/danh-sach 304 49.639 ms
Fri, 21 May 2021 02:48:29 GMT GET /api/v1/khach-hang/danh-sach 304 190.461 ms
Fri, 21 May 2021 02:48:59 GMT GET /api/v1/khach-hang/danh-sach 304 79.490 ms
Fri, 21 May 2021 02:49:03 GMT GET /api/v1/khach-hang/trong-hoa-don/3 304 8.184 ms
Fri, 21 May 2021 02:49:03 GMT GET /api/v1/khach-hang/trong-dat-phong/3 304 6.328 ms
Fri, 21 May 2021 02:49:14 GMT GET /api/v1/khach-hang/trong-hoa-don/9 200 52.590 ms
Fri, 21 May 2021 02:49:14 GMT GET /api/v1/khach-hang/trong-dat-phong/9 200 5.084 ms
Fri, 21 May 2021 02:49:15 GMT OPTIONS /api/v1/khach-hang/xoa/9 204 0.660 ms
Fri, 21 May 2021 02:49:15 GMT DELETE /api/v1/khach-hang/xoa/9 204 9.064 ms
Fri, 21 May 2021 02:49:15 GMT GET /api/v1/khach-hang/danh-sach 200 3.326 ms
Fri, 21 May 2021 02:51:13 GMT GET /api/v1/phong/danh-sach-phong 304 53.413 ms
Fri, 21 May 2021 02:51:51 GMT GET /api/v1/phong/danh-sach-phong 304 40.403 ms
Fri, 21 May 2021 02:53:39 GMT GET /api/v1/phong/danh-sach-phong 304 57.197 ms
Fri, 21 May 2021 02:54:10 GMT GET /api/v1/phong/loc-theo-trang-thai/0 304 40.262 ms
Fri, 21 May 2021 02:54:12 GMT GET /api/v1/phong/loc-theo-trang-thai/%25%25 304 1.509 ms
Fri, 21 May 2021 03:03:20 GMT GET /api/v1/phong/danh-sach-phong 304 55.183 ms
Fri, 21 May 2021 03:04:09 GMT GET /api/v1/phong/danh-sach-phong 304 49.099 ms
Fri, 21 May 2021 03:05:17 GMT GET /api/v1/phong/danh-sach-phong 304 44.452 ms
Fri, 21 May 2021 03:06:45 GMT GET /api/v1/phong/danh-sach-phong 304 45.447 ms
Fri, 21 May 2021 03:06:47 GMT GET /api/v1/phong/loc-theo-trang-thai/[object%20Object] 200 1.945 ms
Fri, 21 May 2021 03:06:48 GMT GET /api/v1/phong/loc-theo-trang-thai/undefined 200 0.988 ms
Fri, 21 May 2021 03:06:49 GMT GET /api/v1/phong/loc-theo-trang-thai/undefined 304 0.996 ms
Fri, 21 May 2021 03:06:51 GMT GET /api/v1/phong/loc-theo-trang-thai/undefined 304 0.922 ms
Fri, 21 May 2021 03:08:05 GMT GET /api/v1/phong/loc-theo-trang-thai/undefined 304 40.012 ms
Fri, 21 May 2021 03:08:23 GMT GET /api/v1/phong/danh-sach-phong 304 60.766 ms
Fri, 21 May 2021 03:08:49 GMT GET /api/v1/doi-huy/danh-sach-doi 304 86.214 ms
Fri, 21 May 2021 03:08:49 GMT GET /api/v1/doi-huy/danh-sach-huy 304 84.428 ms
Fri, 21 May 2021 03:08:52 GMT GET /api/v1/phong/danh-sach-phong 304 4.233 ms
Fri, 21 May 2021 03:10:09 GMT GET /api/v1/phong/danh-sach-phong 304 69.426 ms
Fri, 21 May 2021 03:10:11 GMT GET /api/v1/phong/loc-theo-trang-thai/%25%25 304 1.749 ms
Fri, 21 May 2021 03:10:12 GMT GET /api/v1/phong/loc-theo-trang-thai/0 304 1.671 ms
Fri, 21 May 2021 03:10:15 GMT GET /api/v1/phong/loc-theo-trang-thai/1 304 1.611 ms
Fri, 21 May 2021 03:10:17 GMT GET /api/v1/phong/loc-theo-trang-thai/2 200 2.281 ms
Fri, 21 May 2021 03:10:19 GMT GET /api/v1/phong/loc-theo-trang-thai/%25%25 304 2.383 ms
Fri, 21 May 2021 03:10:43 GMT GET /api/v1/phong/danh-sach-phong 304 127.913 ms
Fri, 21 May 2021 03:10:57 GMT GET /api/v1/phong/danh-sach-phong 304 39.092 ms
Fri, 21 May 2021 03:11:00 GMT GET /api/v1/phong/loc-theo-trang-thai/0 304 2.381 ms
Fri, 21 May 2021 03:11:01 GMT GET /api/v1/phong/loc-theo-trang-thai/1 304 1.027 ms
Fri, 21 May 2021 03:11:15 GMT GET /api/v1/phong/loc-theo-trang-thai/0 304 41.899 ms
Fri, 21 May 2021 03:11:17 GMT GET /api/v1/phong/loc-theo-trang-thai/%25%25 304 2.254 ms
Fri, 21 May 2021 03:14:40 GMT GET /api/v1/phong/danh-sach-phong 304 49.725 ms
Fri, 21 May 2021 03:15:01 GMT GET /api/v1/phong/danh-sach-phong 304 145.186 ms
Fri, 21 May 2021 03:15:32 GMT GET /api/v1/phong/danh-sach-phong 304 53.780 ms
Fri, 21 May 2021 03:19:40 GMT GET /api/v1/phong/danh-sach-phong 304 44.261 ms
Fri, 21 May 2021 03:19:44 GMT GET /api/v1/phong/loc-theo-trang-thai/0 304 1.755 ms
Fri, 21 May 2021 03:19:50 GMT GET /api/v1/phong/loc-theo-trang-thai/%25%25 304 1.250 ms
Fri, 21 May 2021 03:19:52 GMT GET /api/v1/phong/loc-theo-trang-thai/0 304 1.208 ms
Fri, 21 May 2021 03:19:53 GMT GET /api/v1/phong/loc-theo-trang-thai/1 304 1.326 ms
Fri, 21 May 2021 03:19:55 GMT GET /api/v1/phong/loc-theo-trang-thai/2 304 1.068 ms
Fri, 21 May 2021 03:21:05 GMT GET /api/v1/phong/danh-sach-phong 304 68.347 ms
Fri, 21 May 2021 03:21:06 GMT GET /api/v1/phong/loc-theo-trang-thai/%25%25 304 1.998 ms
Fri, 21 May 2021 03:21:19 GMT GET /api/v1/phong/loc-theo-trang-thai/1 304 41.752 ms
Fri, 21 May 2021 03:21:20 GMT GET /api/v1/phong/loc-theo-trang-thai/0 304 1.247 ms
Fri, 21 May 2021 03:21:23 GMT GET /api/v1/phong/loc-theo-trang-thai/4 200 1.436 ms
Fri, 21 May 2021 03:21:26 GMT GET /api/v1/phong/loc-theo-trang-thai/%25%25 304 1.490 ms
Fri, 21 May 2021 03:21:39 GMT GET /api/v1/dat-phong/danh-sach-full 304 47.670 ms
Fri, 21 May 2021 06:08:11 GMT GET /api/v1/khach-hang/danh-sach 304 76.583 ms
Fri, 21 May 2021 06:08:17 GMT GET /api/v1/khach-hang/trong-hoa-don/3 304 9.754 ms
Fri, 21 May 2021 06:08:17 GMT GET /api/v1/khach-hang/trong-dat-phong/3 304 8.486 ms
Fri, 21 May 2021 06:08:24 GMT GET /api/v1/khach-hang/trong-hoa-don/6 304 2.394 ms
Fri, 21 May 2021 06:08:24 GMT GET /api/v1/khach-hang/trong-dat-phong/6 304 2.559 ms
Fri, 21 May 2021 06:08:27 GMT GET /api/v1/khach-hang/trong-hoa-don/6 304 1.911 ms
Fri, 21 May 2021 06:08:27 GMT GET /api/v1/khach-hang/trong-dat-phong/6 304 1.545 ms
Fri, 21 May 2021 06:08:28 GMT OPTIONS /api/v1/khach-hang/xoa/6 204 0.624 ms
Fri, 21 May 2021 06:08:28 GMT DELETE /api/v1/khach-hang/xoa/6 204 14.528 ms
Fri, 21 May 2021 06:08:28 GMT GET /api/v1/khach-hang/danh-sach 200 2.443 ms
Fri, 21 May 2021 06:08:35 GMT GET /api/v1/tai-khoan/danh-sach-nguoi-dung 200 4.269 ms
Fri, 21 May 2021 06:09:15 GMT GET /api/v1/phong/danh-sach-phong 304 68.010 ms
Fri, 21 May 2021 06:10:00 GMT GET /api/v1/khach-hang/danh-sach 304 54.477 ms
Fri, 21 May 2021 06:10:02 GMT GET /api/v1/khach-hang/trong-hoa-don/8 200 6.857 ms
Fri, 21 May 2021 06:10:02 GMT GET /api/v1/khach-hang/trong-dat-phong/8 200 5.095 ms
Fri, 21 May 2021 06:10:03 GMT OPTIONS /api/v1/khach-hang/xoa/8 204 0.645 ms
Fri, 21 May 2021 06:10:03 GMT DELETE /api/v1/khach-hang/xoa/8 204 13.419 ms
Fri, 21 May 2021 06:10:03 GMT GET /api/v1/khach-hang/danh-sach 200 1.589 ms
Fri, 21 May 2021 06:10:05 GMT GET /api/v1/khach-hang/trong-hoa-don/7 304 1.653 ms
Fri, 21 May 2021 06:10:05 GMT GET /api/v1/khach-hang/trong-dat-phong/7 304 2.263 ms
Fri, 21 May 2021 06:10:06 GMT OPTIONS /api/v1/khach-hang/xoa/7 204 0.125 ms
Fri, 21 May 2021 06:10:06 GMT DELETE /api/v1/khach-hang/xoa/7 204 1.907 ms
Fri, 21 May 2021 06:10:06 GMT GET /api/v1/khach-hang/danh-sach 200 1.424 ms
Fri, 21 May 2021 06:10:09 GMT GET /api/v1/khach-hang/trong-hoa-don/10 200 1.639 ms
Fri, 21 May 2021 06:10:09 GMT GET /api/v1/khach-hang/trong-dat-phong/10 200 1.447 ms
Fri, 21 May 2021 06:10:10 GMT OPTIONS /api/v1/khach-hang/xoa/10 204 0.097 ms
Fri, 21 May 2021 06:10:10 GMT DELETE /api/v1/khach-hang/xoa/10 204 1.933 ms
Fri, 21 May 2021 06:10:10 GMT GET /api/v1/khach-hang/danh-sach 200 1.988 ms
Fri, 21 May 2021 06:10:11 GMT GET /api/v1/khach-hang/trong-hoa-don/11 200 1.650 ms
Fri, 21 May 2021 06:10:11 GMT GET /api/v1/khach-hang/trong-dat-phong/11 200 2.731 ms
Fri, 21 May 2021 06:10:12 GMT OPTIONS /api/v1/khach-hang/xoa/11 204 0.121 ms
Fri, 21 May 2021 06:10:12 GMT DELETE /api/v1/khach-hang/xoa/11 204 1.922 ms
Fri, 21 May 2021 06:10:12 GMT GET /api/v1/khach-hang/danh-sach 200 1.259 ms
Fri, 21 May 2021 06:10:14 GMT GET /api/v1/khach-hang/trong-hoa-don/12 200 1.920 ms
Fri, 21 May 2021 06:10:14 GMT GET /api/v1/khach-hang/trong-dat-phong/12 200 2.089 ms
Fri, 21 May 2021 06:11:18 GMT GET /api/v1/tai-khoan/danh-sach-nguoi-dung - - ms
Fri, 21 May 2021 06:11:38 GMT GET /api/v1/tai-khoan/danh-sach-nguoi-dung - - ms
Fri, 21 May 2021 06:11:38 GMT GET /api/v1/tai-khoan/danh-sach-nguoi-dung - - ms
Fri, 21 May 2021 06:11:56 GMT GET /api/v1/tai-khoan/danh-sach-nguoi-dung 200 59.433 ms
Fri, 21 May 2021 06:12:29 GMT GET /api/v1/tai-khoan/thong-tin-nguoi-dung/vankh 200 48.567 ms
Fri, 21 May 2021 06:12:35 GMT OPTIONS /api/v1/tai-khoan/thay-doi-trang-thai-nguoi-dung 204 0.680 ms
Fri, 21 May 2021 06:12:35 GMT PUT /api/v1/tai-khoan/thay-doi-trang-thai-nguoi-dung 200 2.466 ms
Fri, 21 May 2021 06:12:37 GMT GET /api/v1/tai-khoan/thong-tin-nguoi-dung/vankh 200 2.060 ms
Fri, 21 May 2021 06:12:37 GMT OPTIONS /api/v1/tai-khoan/xoa-tai-khoan/vankh 204 0.213 ms
Fri, 21 May 2021 06:12:37 GMT DELETE /api/v1/tai-khoan/xoa-tai-khoan/vankh 200 7.528 ms
